<?xml version="1.0" encoding="UTF-8"?>
<!-- Generated by org.testng.reporters.JUnitReportReporter -->
<testsuite hostname="Adityas-MacBook-Pro.local" failures="0" tests="6" name="RunAll.RunAllTogether" time="30.546" errors="0" timestamp="2025-04-02T19:08:54 IST" skipped="0">
  <testcase classname="RunAll.RunAllTogether" name="RegisterFisrst" time="9.113"/>
  <system-out/>
  <testcase classname="RunAll.RunAllTogether" name="LetsRun" time="3.770"/>
  <system-out/>
  <testcase classname="RunAll.RunAllTogether" name="LetsRun" time="4.858"/>
  <system-out/>
  <testcase classname="RunAll.RunAllTogether" name="LetsRun" time="4.420"/>
  <system-out/>
  <testcase classname="RunAll.RunAllTogether" name="LetsRun" time="4.070"/>
  <system-out/>
  <testcase classname="RunAll.RunAllTogether" name="UserPagestarts" time="4.315"/>
  <system-out/>
</testsuite> <!-- RunAll.RunAllTogether -->
