<?xml version="1.0" encoding="UTF-8"?>
<!-- Generated by org.testng.reporters.JUnitReportReporter -->
<testsuite hostname="Adityas-MacBook-Pro.local" failures="0" tests="4" name="RunAll.RunAllTogether" time="14.114" errors="0" timestamp="2025-04-01T23:28:18 IST" skipped="0">
  <testcase classname="RunAll.RunAllTogether" name="LetsRun" time="3.090"/>
  <system-out/>
  <testcase classname="RunAll.RunAllTogether" name="LetsRun" time="6.429"/>
  <system-out/>
  <testcase classname="RunAll.RunAllTogether" name="LetsRun" time="2.494"/>
  <system-out/>
  <testcase classname="RunAll.RunAllTogether" name="LetsRun" time="2.101"/>
  <system-out/>
</testsuite> <!-- RunAll.RunAllTogether -->
